<?xml version="1.0" encoding="UTF-8"?>
<coverage generated="1623803153843" clover="3.2.0">
  <project timestamp="1623803153843" name="All files">
    <metrics statements="47" coveredstatements="47" conditionals="19" coveredconditionals="19" methods="23" coveredmethods="23" elements="89" coveredelements="89" complexity="0" loc="47" ncloc="47" packages="8" files="16" classes="16"/>
    <package name="components.Heading">
      <metrics statements="12" coveredstatements="12" conditionals="8" coveredconditionals="8" methods="8" coveredmethods="8"/>
      <file name="index.jsx" path="/home/guilherme/arquivos/PROJETOS/react/projeto2/src/components/Heading/index.jsx">
        <metrics statements="3" coveredstatements="3" conditionals="4" coveredconditionals="4" methods="1" coveredmethods="1"/>
        <line num="4" count="3" type="stmt"/>
        <line num="11" count="13" type="stmt"/>
        <line num="23" count="3" type="stmt"/>
      </file>
      <file name="styles.js" path="/home/guilherme/arquivos/PROJETOS/react/projeto2/src/components/Heading/styles.js">
        <metrics statements="9" coveredstatements="9" conditionals="4" coveredconditionals="4" methods="7" coveredmethods="7"/>
        <line num="3" count="3" type="stmt"/>
        <line num="4" count="4" type="stmt"/>
        <line num="7" count="1" type="stmt"/>
        <line num="10" count="1" type="stmt"/>
        <line num="13" count="7" type="stmt"/>
        <line num="19" count="7" type="stmt"/>
        <line num="25" count="13" type="stmt"/>
        <line num="29" count="3" type="stmt"/>
        <line num="30" count="13" type="stmt"/>
      </file>
    </package>
    <package name="components.LogoLink">
      <metrics statements="5" coveredstatements="5" conditionals="3" coveredconditionals="3" methods="2" coveredmethods="2"/>
      <file name="index.jsx" path="/home/guilherme/arquivos/PROJETOS/react/projeto2/src/components/LogoLink/index.jsx">
        <metrics statements="3" coveredstatements="3" conditionals="3" coveredconditionals="3" methods="1" coveredmethods="1"/>
        <line num="5" count="1" type="cond" truecount="1" falsecount="0"/>
        <line num="6" count="3" type="stmt"/>
        <line num="15" count="1" type="stmt"/>
      </file>
      <file name="styles.js" path="/home/guilherme/arquivos/PROJETOS/react/projeto2/src/components/LogoLink/styles.js">
        <metrics statements="2" coveredstatements="2" conditionals="0" coveredconditionals="0" methods="1" coveredmethods="1"/>
        <line num="3" count="1" type="stmt"/>
        <line num="4" count="3" type="stmt"/>
      </file>
    </package>
    <package name="components.MenuLink">
      <metrics statements="6" coveredstatements="6" conditionals="3" coveredconditionals="3" methods="2" coveredmethods="2"/>
      <file name="index.jsx" path="/home/guilherme/arquivos/PROJETOS/react/projeto2/src/components/MenuLink/index.jsx">
        <metrics statements="4" coveredstatements="4" conditionals="3" coveredconditionals="3" methods="1" coveredmethods="1"/>
        <line num="4" count="2" type="cond" truecount="1" falsecount="0"/>
        <line num="5" count="33" type="cond" truecount="2" falsecount="0"/>
        <line num="6" count="33" type="stmt"/>
        <line num="13" count="2" type="stmt"/>
      </file>
      <file name="styles.js" path="/home/guilherme/arquivos/PROJETOS/react/projeto2/src/components/MenuLink/styles.js">
        <metrics statements="2" coveredstatements="2" conditionals="0" coveredconditionals="0" methods="1" coveredmethods="1"/>
        <line num="3" count="2" type="stmt"/>
        <line num="4" count="33" type="stmt"/>
      </file>
    </package>
    <package name="components.NavLinks">
      <metrics statements="6" coveredstatements="6" conditionals="1" coveredconditionals="1" methods="3" coveredmethods="3"/>
      <file name="index.jsx" path="/home/guilherme/arquivos/PROJETOS/react/projeto2/src/components/NavLinks/index.jsx">
        <metrics statements="4" coveredstatements="4" conditionals="1" coveredconditionals="1" methods="2" coveredmethods="2"/>
        <line num="5" count="1" type="cond" truecount="1" falsecount="0"/>
        <line num="6" count="4" type="stmt"/>
        <line num="9" count="30" type="stmt"/>
        <line num="15" count="1" type="stmt"/>
      </file>
      <file name="styles.js" path="/home/guilherme/arquivos/PROJETOS/react/projeto2/src/components/NavLinks/styles.js">
        <metrics statements="2" coveredstatements="2" conditionals="0" coveredconditionals="0" methods="1" coveredmethods="1"/>
        <line num="3" count="1" type="stmt"/>
        <line num="4" count="4" type="stmt"/>
      </file>
    </package>
    <package name="components.SectionBackground">
      <metrics statements="6" coveredstatements="6" conditionals="4" coveredconditionals="4" methods="3" coveredmethods="3"/>
      <file name="index.jsx" path="/home/guilherme/arquivos/PROJETOS/react/projeto2/src/components/SectionBackground/index.jsx">
        <metrics statements="3" coveredstatements="3" conditionals="2" coveredconditionals="2" methods="1" coveredmethods="1"/>
        <line num="5" count="1" type="stmt"/>
        <line num="10" count="2" type="stmt"/>
        <line num="17" count="1" type="stmt"/>
      </file>
      <file name="styles.js" path="/home/guilherme/arquivos/PROJETOS/react/projeto2/src/components/SectionBackground/styles.js">
        <metrics statements="3" coveredstatements="3" conditionals="2" coveredconditionals="2" methods="2" coveredmethods="2"/>
        <line num="3" count="1" type="stmt"/>
        <line num="8" count="1" type="stmt"/>
        <line num="9" count="2" type="stmt"/>
      </file>
    </package>
    <package name="components.SectionContainer">
      <metrics statements="5" coveredstatements="5" conditionals="0" coveredconditionals="0" methods="2" coveredmethods="2"/>
      <file name="index.jsx" path="/home/guilherme/arquivos/PROJETOS/react/projeto2/src/components/SectionContainer/index.jsx">
        <metrics statements="3" coveredstatements="3" conditionals="0" coveredconditionals="0" methods="1" coveredmethods="1"/>
        <line num="4" count="2" type="stmt"/>
        <line num="5" count="3" type="stmt"/>
        <line num="8" count="2" type="stmt"/>
      </file>
      <file name="styles.js" path="/home/guilherme/arquivos/PROJETOS/react/projeto2/src/components/SectionContainer/styles.js">
        <metrics statements="2" coveredstatements="2" conditionals="0" coveredconditionals="0" methods="1" coveredmethods="1"/>
        <line num="3" count="2" type="stmt"/>
        <line num="4" count="3" type="stmt"/>
      </file>
    </package>
    <package name="components.TextComponent">
      <metrics statements="5" coveredstatements="5" conditionals="0" coveredconditionals="0" methods="2" coveredmethods="2"/>
      <file name="index.jsx" path="/home/guilherme/arquivos/PROJETOS/react/projeto2/src/components/TextComponent/index.jsx">
        <metrics statements="3" coveredstatements="3" conditionals="0" coveredconditionals="0" methods="1" coveredmethods="1"/>
        <line num="4" count="1" type="stmt"/>
        <line num="5" count="2" type="stmt"/>
        <line num="8" count="1" type="stmt"/>
      </file>
      <file name="styles.js" path="/home/guilherme/arquivos/PROJETOS/react/projeto2/src/components/TextComponent/styles.js">
        <metrics statements="2" coveredstatements="2" conditionals="0" coveredconditionals="0" methods="1" coveredmethods="1"/>
        <line num="3" count="1" type="stmt"/>
        <line num="4" count="2" type="stmt"/>
      </file>
    </package>
    <package name="templates.App">
      <metrics statements="2" coveredstatements="2" conditionals="0" coveredconditionals="0" methods="1" coveredmethods="1"/>
      <file name="index.jsx" path="/home/guilherme/arquivos/PROJETOS/react/projeto2/src/templates/App/index.jsx">
        <metrics statements="1" coveredstatements="1" conditionals="0" coveredconditionals="0" methods="1" coveredmethods="1"/>
        <line num="5" count="1" type="stmt"/>
      </file>
      <file name="styles.js" path="/home/guilherme/arquivos/PROJETOS/react/projeto2/src/templates/App/styles.js">
        <metrics statements="1" coveredstatements="1" conditionals="0" coveredconditionals="0" methods="0" coveredmethods="0"/>
        <line num="3" count="1" type="stmt"/>
      </file>
    </package>
  </project>
</coverage>
