{"/home/guilherme/arquivos/PROJETOS/react/projeto2/src/components/GridContent/index.jsx": {"path":"/home/guilherme/arquivos/PROJETOS/react/projeto2/src/components/GridContent/index.jsx","statementMap":{"0":{"start":{"line":7,"column":27},"end":{"line":20,"column":1}},"1":{"start":{"line":8,"column":2},"end":{"line":19,"column":4}},"2":{"start":{"line":22,"column":0},"end":{"line":26,"column":2}}},"fnMap":{"0":{"name":"(anonymous_0)","decl":{"start":{"line":7,"column":27},"end":{"line":7,"column":28}},"loc":{"start":{"line":7,"column":68},"end":{"line":20,"column":1}},"line":7}},"branchMap":{"0":{"loc":{"start":{"line":7,"column":43},"end":{"line":7,"column":61}},"type":"default-arg","locations":[{"start":{"line":7,"column":56},"end":{"line":7,"column":61}}],"line":7}},"s":{"0":1,"1":2,"2":1},"f":{"0":2},"b":{"0":[1]},"_coverageSchema":"1a1c01bbd47fc00a2c39e90264f33305004495a9","hash":"a980e533f4d755f1c4451a1673015e682b77e915"}
,"/home/guilherme/arquivos/PROJETOS/react/projeto2/src/components/GridContent/styles.js": {"path":"/home/guilherme/arquivos/PROJETOS/react/projeto2/src/components/GridContent/styles.js","statementMap":{"0":{"start":{"line":3,"column":25},"end":{"line":9,"column":1}},"1":{"start":{"line":4,"column":19},"end":{"line":8,"column":3}},"2":{"start":{"line":11,"column":20},"end":{"line":15,"column":1}},"3":{"start":{"line":12,"column":19},"end":{"line":14,"column":3}}},"fnMap":{"0":{"name":"(anonymous_0)","decl":{"start":{"line":4,"column":4},"end":{"line":4,"column":5}},"loc":{"start":{"line":4,"column":19},"end":{"line":8,"column":3}},"line":4},"1":{"name":"(anonymous_1)","decl":{"start":{"line":12,"column":4},"end":{"line":12,"column":5}},"loc":{"start":{"line":12,"column":19},"end":{"line":14,"column":3}},"line":12}},"branchMap":{},"s":{"0":1,"1":2,"2":1,"3":2},"f":{"0":2,"1":2},"b":{},"_coverageSchema":"1a1c01bbd47fc00a2c39e90264f33305004495a9","hash":"1a0c85c7c28a71349d71afc78c279ecb56eb0d43"}
,"/home/guilherme/arquivos/PROJETOS/react/projeto2/src/components/GridTwoColumns/index.jsx": {"path":"/home/guilherme/arquivos/PROJETOS/react/projeto2/src/components/GridTwoColumns/index.jsx","statementMap":{"0":{"start":{"line":7,"column":30},"end":{"line":23,"column":1}},"1":{"start":{"line":8,"column":2},"end":{"line":22,"column":4}},"2":{"start":{"line":25,"column":0},"end":{"line":30,"column":2}}},"fnMap":{"0":{"name":"(anonymous_0)","decl":{"start":{"line":7,"column":30},"end":{"line":7,"column":31}},"loc":{"start":{"line":7,"column":79},"end":{"line":23,"column":1}},"line":7}},"branchMap":{"0":{"loc":{"start":{"line":7,"column":54},"end":{"line":7,"column":72}},"type":"default-arg","locations":[{"start":{"line":7,"column":67},"end":{"line":7,"column":72}}],"line":7}},"s":{"0":1,"1":1,"2":1},"f":{"0":1},"b":{"0":[1]},"_coverageSchema":"1a1c01bbd47fc00a2c39e90264f33305004495a9","hash":"c8eda456a7245083298555763d0f2a709b09fd2a"}
,"/home/guilherme/arquivos/PROJETOS/react/projeto2/src/components/GridTwoColumns/styles.js": {"path":"/home/guilherme/arquivos/PROJETOS/react/projeto2/src/components/GridTwoColumns/styles.js","statementMap":{"0":{"start":{"line":4,"column":25},"end":{"line":20,"column":1}},"1":{"start":{"line":5,"column":19},"end":{"line":19,"column":3}},"2":{"start":{"line":22,"column":29},"end":{"line":28,"column":1}},"3":{"start":{"line":23,"column":19},"end":{"line":27,"column":3}},"4":{"start":{"line":30,"column":30},"end":{"line":32,"column":1}},"5":{"start":{"line":31,"column":19},"end":{"line":31,"column":24}},"6":{"start":{"line":34,"column":21},"end":{"line":36,"column":1}},"7":{"start":{"line":35,"column":19},"end":{"line":35,"column":24}}},"fnMap":{"0":{"name":"(anonymous_0)","decl":{"start":{"line":5,"column":4},"end":{"line":5,"column":5}},"loc":{"start":{"line":5,"column":19},"end":{"line":19,"column":3}},"line":5},"1":{"name":"(anonymous_1)","decl":{"start":{"line":23,"column":4},"end":{"line":23,"column":5}},"loc":{"start":{"line":23,"column":19},"end":{"line":27,"column":3}},"line":23},"2":{"name":"(anonymous_2)","decl":{"start":{"line":31,"column":4},"end":{"line":31,"column":5}},"loc":{"start":{"line":31,"column":19},"end":{"line":31,"column":24}},"line":31},"3":{"name":"(anonymous_3)","decl":{"start":{"line":35,"column":4},"end":{"line":35,"column":5}},"loc":{"start":{"line":35,"column":19},"end":{"line":35,"column":24}},"line":35}},"branchMap":{},"s":{"0":1,"1":1,"2":1,"3":1,"4":1,"5":1,"6":1,"7":1},"f":{"0":1,"1":1,"2":1,"3":1},"b":{},"_coverageSchema":"1a1c01bbd47fc00a2c39e90264f33305004495a9","hash":"7afe281e547f016ae69277e2bf7faf310bf9efb6"}
,"/home/guilherme/arquivos/PROJETOS/react/projeto2/src/components/Heading/index.jsx": {"path":"/home/guilherme/arquivos/PROJETOS/react/projeto2/src/components/Heading/index.jsx","statementMap":{"0":{"start":{"line":4,"column":23},"end":{"line":21,"column":1}},"1":{"start":{"line":11,"column":2},"end":{"line":20,"column":4}},"2":{"start":{"line":23,"column":0},"end":{"line":29,"column":2}}},"fnMap":{"0":{"name":"(anonymous_0)","decl":{"start":{"line":4,"column":23},"end":{"line":4,"column":24}},"loc":{"start":{"line":10,"column":6},"end":{"line":21,"column":1}},"line":10}},"branchMap":{"0":{"loc":{"start":{"line":6,"column":2},"end":{"line":6,"column":18}},"type":"default-arg","locations":[{"start":{"line":6,"column":14},"end":{"line":6,"column":18}}],"line":6},"1":{"loc":{"start":{"line":7,"column":2},"end":{"line":7,"column":11}},"type":"default-arg","locations":[{"start":{"line":7,"column":7},"end":{"line":7,"column":11}}],"line":7},"2":{"loc":{"start":{"line":8,"column":2},"end":{"line":8,"column":15}},"type":"default-arg","locations":[{"start":{"line":8,"column":9},"end":{"line":8,"column":15}}],"line":8},"3":{"loc":{"start":{"line":9,"column":2},"end":{"line":9,"column":19}},"type":"default-arg","locations":[{"start":{"line":9,"column":14},"end":{"line":9,"column":19}}],"line":9}},"s":{"0":6,"1":21,"2":6},"f":{"0":21},"b":{"0":[17],"1":[20],"2":[8],"3":[9]},"_coverageSchema":"1a1c01bbd47fc00a2c39e90264f33305004495a9","hash":"7878bc143cbf0e13810d86d7c61e7c5c535f75bc"}
,"/home/guilherme/arquivos/PROJETOS/react/projeto2/src/components/Heading/styles.js": {"path":"/home/guilherme/arquivos/PROJETOS/react/projeto2/src/components/Heading/styles.js","statementMap":{"0":{"start":{"line":3,"column":18},"end":{"line":17,"column":1}},"1":{"start":{"line":4,"column":20},"end":{"line":6,"column":3}},"2":{"start":{"line":7,"column":21},"end":{"line":9,"column":3}},"3":{"start":{"line":10,"column":18},"end":{"line":12,"column":3}},"4":{"start":{"line":13,"column":19},"end":{"line":16,"column":3}},"5":{"start":{"line":19,"column":18},"end":{"line":23,"column":1}},"6":{"start":{"line":19,"column":29},"end":{"line":23,"column":1}},"7":{"start":{"line":25,"column":18},"end":{"line":27,"column":1}},"8":{"start":{"line":25,"column":33},"end":{"line":27,"column":1}},"9":{"start":{"line":29,"column":21},"end":{"line":35,"column":1}},"10":{"start":{"line":30,"column":47},"end":{"line":34,"column":3}}},"fnMap":{"0":{"name":"(anonymous_0)","decl":{"start":{"line":4,"column":9},"end":{"line":4,"column":10}},"loc":{"start":{"line":4,"column":20},"end":{"line":6,"column":3}},"line":4},"1":{"name":"(anonymous_1)","decl":{"start":{"line":7,"column":10},"end":{"line":7,"column":11}},"loc":{"start":{"line":7,"column":21},"end":{"line":9,"column":3}},"line":7},"2":{"name":"(anonymous_2)","decl":{"start":{"line":10,"column":7},"end":{"line":10,"column":8}},"loc":{"start":{"line":10,"column":18},"end":{"line":12,"column":3}},"line":10},"3":{"name":"(anonymous_3)","decl":{"start":{"line":13,"column":8},"end":{"line":13,"column":9}},"loc":{"start":{"line":13,"column":19},"end":{"line":16,"column":3}},"line":13},"4":{"name":"(anonymous_4)","decl":{"start":{"line":19,"column":18},"end":{"line":19,"column":19}},"loc":{"start":{"line":19,"column":29},"end":{"line":23,"column":1}},"line":19},"5":{"name":"(anonymous_5)","decl":{"start":{"line":25,"column":18},"end":{"line":25,"column":19}},"loc":{"start":{"line":25,"column":33},"end":{"line":27,"column":1}},"line":25},"6":{"name":"(anonymous_6)","decl":{"start":{"line":30,"column":4},"end":{"line":30,"column":5}},"loc":{"start":{"line":30,"column":47},"end":{"line":34,"column":3}},"line":30}},"branchMap":{"0":{"loc":{"start":{"line":26,"column":20},"end":{"line":26,"column":52}},"type":"cond-expr","locations":[{"start":{"line":26,"column":32},"end":{"line":26,"column":43}},{"start":{"line":26,"column":46},"end":{"line":26,"column":52}}],"line":26},"1":{"loc":{"start":{"line":31,"column":13},"end":{"line":31,"column":71}},"type":"cond-expr","locations":[{"start":{"line":31,"column":25},"end":{"line":31,"column":50}},{"start":{"line":31,"column":53},"end":{"line":31,"column":71}}],"line":31}},"s":{"0":6,"1":9,"2":1,"3":1,"4":10,"5":6,"6":10,"7":6,"8":21,"9":6,"10":21},"f":{"0":9,"1":1,"2":1,"3":10,"4":10,"5":21,"6":21},"b":{"0":[12,9],"1":[20,1]},"_coverageSchema":"1a1c01bbd47fc00a2c39e90264f33305004495a9","hash":"d8dff62090075e817c5226328e56ab3974311abe"}
,"/home/guilherme/arquivos/PROJETOS/react/projeto2/src/components/LogoLink/index.jsx": {"path":"/home/guilherme/arquivos/PROJETOS/react/projeto2/src/components/LogoLink/index.jsx","statementMap":{"0":{"start":{"line":5,"column":24},"end":{"line":13,"column":1}},"1":{"start":{"line":6,"column":2},"end":{"line":12,"column":4}},"2":{"start":{"line":15,"column":0},"end":{"line":19,"column":2}}},"fnMap":{"0":{"name":"(anonymous_0)","decl":{"start":{"line":5,"column":24},"end":{"line":5,"column":25}},"loc":{"start":{"line":5,"column":57},"end":{"line":13,"column":1}},"line":5}},"branchMap":{"0":{"loc":{"start":{"line":5,"column":33},"end":{"line":5,"column":44}},"type":"default-arg","locations":[{"start":{"line":5,"column":42},"end":{"line":5,"column":44}}],"line":5},"1":{"loc":{"start":{"line":9,"column":9},"end":{"line":9,"column":71}},"type":"cond-expr","locations":[{"start":{"line":9,"column":18},"end":{"line":9,"column":49}},{"start":{"line":9,"column":52},"end":{"line":9,"column":71}}],"line":9}},"s":{"0":2,"1":8,"2":2},"f":{"0":8},"b":{"0":[6],"1":[2,6]},"_coverageSchema":"1a1c01bbd47fc00a2c39e90264f33305004495a9","hash":"e7222329f9cce5bbb0648c128eece53bcd2dc047"}
,"/home/guilherme/arquivos/PROJETOS/react/projeto2/src/components/LogoLink/styles.js": {"path":"/home/guilherme/arquivos/PROJETOS/react/projeto2/src/components/LogoLink/styles.js","statementMap":{"0":{"start":{"line":3,"column":25},"end":{"line":13,"column":1}},"1":{"start":{"line":4,"column":19},"end":{"line":12,"column":3}}},"fnMap":{"0":{"name":"(anonymous_0)","decl":{"start":{"line":4,"column":4},"end":{"line":4,"column":5}},"loc":{"start":{"line":4,"column":19},"end":{"line":12,"column":3}},"line":4}},"branchMap":{},"s":{"0":2,"1":8},"f":{"0":8},"b":{},"_coverageSchema":"1a1c01bbd47fc00a2c39e90264f33305004495a9","hash":"3b37c70972b3e8ce2df6e3ad882c29051f7fcbb9"}
,"/home/guilherme/arquivos/PROJETOS/react/projeto2/src/components/Menu/index.jsx": {"path":"/home/guilherme/arquivos/PROJETOS/react/projeto2/src/components/Menu/index.jsx","statementMap":{"0":{"start":{"line":10,"column":20},"end":{"line":36,"column":1}},"1":{"start":{"line":11,"column":32},"end":{"line":11,"column":47}},"2":{"start":{"line":13,"column":2},"end":{"line":35,"column":4}},"3":{"start":{"line":17,"column":23},"end":{"line":17,"column":39}},"4":{"start":{"line":26,"column":57},"end":{"line":26,"column":74}},"5":{"start":{"line":38,"column":0},"end":{"line":41,"column":2}}},"fnMap":{"0":{"name":"(anonymous_0)","decl":{"start":{"line":10,"column":20},"end":{"line":10,"column":21}},"loc":{"start":{"line":10,"column":50},"end":{"line":36,"column":1}},"line":10},"1":{"name":"(anonymous_1)","decl":{"start":{"line":17,"column":17},"end":{"line":17,"column":18}},"loc":{"start":{"line":17,"column":23},"end":{"line":17,"column":39}},"line":17},"2":{"name":"(anonymous_2)","decl":{"start":{"line":26,"column":51},"end":{"line":26,"column":52}},"loc":{"start":{"line":26,"column":57},"end":{"line":26,"column":74}},"line":26}},"branchMap":{"0":{"loc":{"start":{"line":10,"column":23},"end":{"line":10,"column":33}},"type":"default-arg","locations":[{"start":{"line":10,"column":31},"end":{"line":10,"column":33}}],"line":10},"1":{"loc":{"start":{"line":20,"column":9},"end":{"line":24,"column":9}},"type":"cond-expr","locations":[{"start":{"line":21,"column":10},"end":{"line":21,"column":47}},{"start":{"line":23,"column":10},"end":{"line":23,"column":45}}],"line":20}},"s":{"0":1,"1":5,"2":5,"3":1,"4":1,"5":1},"f":{"0":5,"1":1,"2":1},"b":{"0":[1],"1":[1,4]},"_coverageSchema":"1a1c01bbd47fc00a2c39e90264f33305004495a9","hash":"2a4f671d8519252cf1fc05b4d2af2d8fe9f16877"}
,"/home/guilherme/arquivos/PROJETOS/react/projeto2/src/components/Menu/styles.js": {"path":"/home/guilherme/arquivos/PROJETOS/react/projeto2/src/components/Menu/styles.js","statementMap":{"0":{"start":{"line":5,"column":20},"end":{"line":8,"column":1}},"1":{"start":{"line":5,"column":31},"end":{"line":8,"column":1}},"2":{"start":{"line":10,"column":25},"end":{"line":55,"column":1}},"3":{"start":{"line":11,"column":28},"end":{"line":54,"column":3}},"4":{"start":{"line":57,"column":29},"end":{"line":69,"column":1}},"5":{"start":{"line":58,"column":19},"end":{"line":68,"column":3}},"6":{"start":{"line":71,"column":22},"end":{"line":96,"column":1}},"7":{"start":{"line":72,"column":28},"end":{"line":95,"column":3}}},"fnMap":{"0":{"name":"(anonymous_0)","decl":{"start":{"line":5,"column":20},"end":{"line":5,"column":21}},"loc":{"start":{"line":5,"column":31},"end":{"line":8,"column":1}},"line":5},"1":{"name":"(anonymous_1)","decl":{"start":{"line":11,"column":4},"end":{"line":11,"column":5}},"loc":{"start":{"line":11,"column":28},"end":{"line":54,"column":3}},"line":11},"2":{"name":"(anonymous_2)","decl":{"start":{"line":58,"column":4},"end":{"line":58,"column":5}},"loc":{"start":{"line":58,"column":19},"end":{"line":68,"column":3}},"line":58},"3":{"name":"(anonymous_3)","decl":{"start":{"line":72,"column":4},"end":{"line":72,"column":5}},"loc":{"start":{"line":72,"column":28},"end":{"line":95,"column":3}},"line":72}},"branchMap":{"0":{"loc":{"start":{"line":37,"column":8},"end":{"line":37,"column":37}},"type":"binary-expr","locations":[{"start":{"line":37,"column":8},"end":{"line":37,"column":15}},{"start":{"line":37,"column":19},"end":{"line":37,"column":37}}],"line":37},"1":{"loc":{"start":{"line":83,"column":22},"end":{"line":83,"column":46}},"type":"cond-expr","locations":[{"start":{"line":83,"column":32},"end":{"line":83,"column":38}},{"start":{"line":83,"column":41},"end":{"line":83,"column":46}}],"line":83}},"s":{"0":1,"1":1,"2":1,"3":5,"4":1,"5":5,"6":1,"7":5},"f":{"0":1,"1":5,"2":5,"3":5},"b":{"0":[5,1],"1":[1,4]},"_coverageSchema":"1a1c01bbd47fc00a2c39e90264f33305004495a9","hash":"ac5118642147b2aa148976b11237b1cfe8e167ac"}
,"/home/guilherme/arquivos/PROJETOS/react/projeto2/src/components/MenuLink/index.jsx": {"path":"/home/guilherme/arquivos/PROJETOS/react/projeto2/src/components/MenuLink/index.jsx","statementMap":{"0":{"start":{"line":4,"column":24},"end":{"line":11,"column":1}},"1":{"start":{"line":5,"column":17},"end":{"line":5,"column":44}},"2":{"start":{"line":6,"column":2},"end":{"line":10,"column":4}},"3":{"start":{"line":13,"column":0},"end":{"line":17,"column":2}}},"fnMap":{"0":{"name":"(anonymous_0)","decl":{"start":{"line":4,"column":24},"end":{"line":4,"column":25}},"loc":{"start":{"line":4,"column":64},"end":{"line":11,"column":1}},"line":4}},"branchMap":{"0":{"loc":{"start":{"line":4,"column":43},"end":{"line":4,"column":57}},"type":"default-arg","locations":[{"start":{"line":4,"column":52},"end":{"line":4,"column":57}}],"line":4},"1":{"loc":{"start":{"line":5,"column":17},"end":{"line":5,"column":44}},"type":"cond-expr","locations":[{"start":{"line":5,"column":26},"end":{"line":5,"column":34}},{"start":{"line":5,"column":37},"end":{"line":5,"column":44}}],"line":5}},"s":{"0":3,"1":73,"2":73,"3":3},"f":{"0":73},"b":{"0":[1],"1":[1,72]},"_coverageSchema":"1a1c01bbd47fc00a2c39e90264f33305004495a9","hash":"c30e301b0bc70c55c6dd329b77e993af8c19b821"}
,"/home/guilherme/arquivos/PROJETOS/react/projeto2/src/components/MenuLink/styles.js": {"path":"/home/guilherme/arquivos/PROJETOS/react/projeto2/src/components/MenuLink/styles.js","statementMap":{"0":{"start":{"line":3,"column":25},"end":{"line":27,"column":1}},"1":{"start":{"line":4,"column":19},"end":{"line":26,"column":3}}},"fnMap":{"0":{"name":"(anonymous_0)","decl":{"start":{"line":4,"column":4},"end":{"line":4,"column":5}},"loc":{"start":{"line":4,"column":19},"end":{"line":26,"column":3}},"line":4}},"branchMap":{},"s":{"0":3,"1":73},"f":{"0":73},"b":{},"_coverageSchema":"1a1c01bbd47fc00a2c39e90264f33305004495a9","hash":"e8c83518e8667eba2a9867c55a6a6e08cb349084"}
,"/home/guilherme/arquivos/PROJETOS/react/projeto2/src/components/NavLinks/index.jsx": {"path":"/home/guilherme/arquivos/PROJETOS/react/projeto2/src/components/NavLinks/index.jsx","statementMap":{"0":{"start":{"line":5,"column":24},"end":{"line":13,"column":1}},"1":{"start":{"line":6,"column":2},"end":{"line":12,"column":4}},"2":{"start":{"line":9,"column":8},"end":{"line":9,"column":46}},"3":{"start":{"line":15,"column":0},"end":{"line":23,"column":2}}},"fnMap":{"0":{"name":"(anonymous_0)","decl":{"start":{"line":5,"column":24},"end":{"line":5,"column":25}},"loc":{"start":{"line":5,"column":44},"end":{"line":13,"column":1}},"line":5},"1":{"name":"(anonymous_1)","decl":{"start":{"line":8,"column":17},"end":{"line":8,"column":18}},"loc":{"start":{"line":9,"column":8},"end":{"line":9,"column":46}},"line":9}},"branchMap":{"0":{"loc":{"start":{"line":5,"column":27},"end":{"line":5,"column":37}},"type":"default-arg","locations":[{"start":{"line":5,"column":35},"end":{"line":5,"column":37}}],"line":5}},"s":{"0":2,"1":9,"2":70,"3":2},"f":{"0":9,"1":70},"b":{"0":[1]},"_coverageSchema":"1a1c01bbd47fc00a2c39e90264f33305004495a9","hash":"21d7403cdb2a6aea29b8103f149d624b44c1e1b9"}
,"/home/guilherme/arquivos/PROJETOS/react/projeto2/src/components/NavLinks/styles.js": {"path":"/home/guilherme/arquivos/PROJETOS/react/projeto2/src/components/NavLinks/styles.js","statementMap":{"0":{"start":{"line":3,"column":25},"end":{"line":13,"column":1}},"1":{"start":{"line":4,"column":19},"end":{"line":12,"column":3}}},"fnMap":{"0":{"name":"(anonymous_0)","decl":{"start":{"line":4,"column":4},"end":{"line":4,"column":5}},"loc":{"start":{"line":4,"column":19},"end":{"line":12,"column":3}},"line":4}},"branchMap":{},"s":{"0":2,"1":9},"f":{"0":9},"b":{},"_coverageSchema":"1a1c01bbd47fc00a2c39e90264f33305004495a9","hash":"708070d4bd7176d07b2d10f2c18c76c348e0d3d2"}
,"/home/guilherme/arquivos/PROJETOS/react/projeto2/src/components/SectionBackground/index.jsx": {"path":"/home/guilherme/arquivos/PROJETOS/react/projeto2/src/components/SectionBackground/index.jsx","statementMap":{"0":{"start":{"line":5,"column":33},"end":{"line":15,"column":1}},"1":{"start":{"line":10,"column":2},"end":{"line":14,"column":4}},"2":{"start":{"line":17,"column":0},"end":{"line":21,"column":2}}},"fnMap":{"0":{"name":"(anonymous_0)","decl":{"start":{"line":5,"column":33},"end":{"line":5,"column":34}},"loc":{"start":{"line":9,"column":6},"end":{"line":15,"column":1}},"line":9}},"branchMap":{"0":{"loc":{"start":{"line":7,"column":2},"end":{"line":7,"column":20}},"type":"default-arg","locations":[{"start":{"line":7,"column":15},"end":{"line":7,"column":20}}],"line":7},"1":{"loc":{"start":{"line":8,"column":2},"end":{"line":8,"column":16}},"type":"default-arg","locations":[{"start":{"line":8,"column":14},"end":{"line":8,"column":16}}],"line":8}},"s":{"0":3,"1":5,"2":3},"f":{"0":5},"b":{"0":[1],"1":[5]},"_coverageSchema":"1a1c01bbd47fc00a2c39e90264f33305004495a9","hash":"cb40818b91cd07c8a022d4b9e9a5413f47c96f92"}
,"/home/guilherme/arquivos/PROJETOS/react/projeto2/src/components/SectionBackground/styles.js": {"path":"/home/guilherme/arquivos/PROJETOS/react/projeto2/src/components/SectionBackground/styles.js","statementMap":{"0":{"start":{"line":3,"column":36},"end":{"line":6,"column":1}},"1":{"start":{"line":3,"column":47},"end":{"line":6,"column":1}},"2":{"start":{"line":8,"column":25},"end":{"line":17,"column":1}},"3":{"start":{"line":9,"column":31},"end":{"line":16,"column":3}}},"fnMap":{"0":{"name":"(anonymous_0)","decl":{"start":{"line":3,"column":36},"end":{"line":3,"column":37}},"loc":{"start":{"line":3,"column":47},"end":{"line":6,"column":1}},"line":3},"1":{"name":"(anonymous_1)","decl":{"start":{"line":9,"column":4},"end":{"line":9,"column":5}},"loc":{"start":{"line":9,"column":31},"end":{"line":16,"column":3}},"line":9}},"branchMap":{"0":{"loc":{"start":{"line":12,"column":6},"end":{"line":12,"column":54}},"type":"binary-expr","locations":[{"start":{"line":12,"column":6},"end":{"line":12,"column":16}},{"start":{"line":12,"column":20},"end":{"line":12,"column":54}}],"line":12}},"s":{"0":3,"1":1,"2":3,"3":5},"f":{"0":1,"1":5},"b":{"0":[5,1]},"_coverageSchema":"1a1c01bbd47fc00a2c39e90264f33305004495a9","hash":"dd56a445f5443cfff4ab265fb0ffa393f699f98b"}
,"/home/guilherme/arquivos/PROJETOS/react/projeto2/src/components/SectionContainer/index.jsx": {"path":"/home/guilherme/arquivos/PROJETOS/react/projeto2/src/components/SectionContainer/index.jsx","statementMap":{"0":{"start":{"line":4,"column":32},"end":{"line":6,"column":1}},"1":{"start":{"line":5,"column":2},"end":{"line":5,"column":57}},"2":{"start":{"line":8,"column":0},"end":{"line":10,"column":2}}},"fnMap":{"0":{"name":"(anonymous_0)","decl":{"start":{"line":4,"column":32},"end":{"line":4,"column":33}},"loc":{"start":{"line":4,"column":50},"end":{"line":6,"column":1}},"line":4}},"branchMap":{},"s":{"0":5,"1":11,"2":5},"f":{"0":11},"b":{},"_coverageSchema":"1a1c01bbd47fc00a2c39e90264f33305004495a9","hash":"38ab10fcfa29b6f45dbbefca253f0206ee2b65db"}
,"/home/guilherme/arquivos/PROJETOS/react/projeto2/src/components/SectionContainer/styles.js": {"path":"/home/guilherme/arquivos/PROJETOS/react/projeto2/src/components/SectionContainer/styles.js","statementMap":{"0":{"start":{"line":3,"column":25},"end":{"line":10,"column":1}},"1":{"start":{"line":4,"column":19},"end":{"line":9,"column":3}}},"fnMap":{"0":{"name":"(anonymous_0)","decl":{"start":{"line":4,"column":4},"end":{"line":4,"column":5}},"loc":{"start":{"line":4,"column":19},"end":{"line":9,"column":3}},"line":4}},"branchMap":{},"s":{"0":5,"1":11},"f":{"0":11},"b":{},"_coverageSchema":"1a1c01bbd47fc00a2c39e90264f33305004495a9","hash":"01a132160129fd86d4092a5a543e283f00ca441f"}
,"/home/guilherme/arquivos/PROJETOS/react/projeto2/src/components/TextComponent/index.jsx": {"path":"/home/guilherme/arquivos/PROJETOS/react/projeto2/src/components/TextComponent/index.jsx","statementMap":{"0":{"start":{"line":4,"column":29},"end":{"line":6,"column":1}},"1":{"start":{"line":5,"column":2},"end":{"line":5,"column":77}},"2":{"start":{"line":8,"column":0},"end":{"line":10,"column":2}}},"fnMap":{"0":{"name":"(anonymous_0)","decl":{"start":{"line":4,"column":29},"end":{"line":4,"column":30}},"loc":{"start":{"line":4,"column":47},"end":{"line":6,"column":1}},"line":4}},"branchMap":{},"s":{"0":3,"1":5,"2":3},"f":{"0":5},"b":{},"_coverageSchema":"1a1c01bbd47fc00a2c39e90264f33305004495a9","hash":"430eaab6a8fd1293e641ae07f722495a3cda3152"}
,"/home/guilherme/arquivos/PROJETOS/react/projeto2/src/components/TextComponent/styles.js": {"path":"/home/guilherme/arquivos/PROJETOS/react/projeto2/src/components/TextComponent/styles.js","statementMap":{"0":{"start":{"line":3,"column":25},"end":{"line":7,"column":1}},"1":{"start":{"line":4,"column":19},"end":{"line":6,"column":3}}},"fnMap":{"0":{"name":"(anonymous_0)","decl":{"start":{"line":4,"column":4},"end":{"line":4,"column":5}},"loc":{"start":{"line":4,"column":19},"end":{"line":6,"column":3}},"line":4}},"branchMap":{},"s":{"0":3,"1":5},"f":{"0":5},"b":{},"_coverageSchema":"1a1c01bbd47fc00a2c39e90264f33305004495a9","hash":"6a8d1f84bae552ab9882115dcb950c47756b56aa"}
,"/home/guilherme/arquivos/PROJETOS/react/projeto2/src/templates/App/index.jsx": {"path":"/home/guilherme/arquivos/PROJETOS/react/projeto2/src/templates/App/index.jsx","statementMap":{"0":{"start":{"line":5,"column":2},"end":{"line":11,"column":4}}},"fnMap":{"0":{"name":"Home","decl":{"start":{"line":4,"column":9},"end":{"line":4,"column":13}},"loc":{"start":{"line":4,"column":16},"end":{"line":12,"column":1}},"line":4}},"branchMap":{},"s":{"0":1},"f":{"0":1},"b":{},"_coverageSchema":"1a1c01bbd47fc00a2c39e90264f33305004495a9","hash":"834ebb94a4d59bdd90d3bf17ebce7f33040b876e"}
,"/home/guilherme/arquivos/PROJETOS/react/projeto2/src/templates/App/styles.js": {"path":"/home/guilherme/arquivos/PROJETOS/react/projeto2/src/templates/App/styles.js","statementMap":{"0":{"start":{"line":3,"column":23},"end":{"line":3,"column":35}}},"fnMap":{},"branchMap":{},"s":{"0":1},"f":{},"b":{},"_coverageSchema":"1a1c01bbd47fc00a2c39e90264f33305004495a9","hash":"905a0ad3ed93f91b0acffad8565fc9e68c8c252e"}
}
