TN:
SF:src/components/GridContent/index.jsx
FN:7,(anonymous_0)
FNF:1
FNH:1
FNDA:2,(anonymous_0)
DA:7,1
DA:8,2
DA:22,1
LF:3
LH:3
BRDA:7,0,0,1
BRF:1
BRH:1
end_of_record
TN:
SF:src/components/GridContent/styles.js
FN:4,(anonymous_0)
FN:12,(anonymous_1)
FNF:2
FNH:2
FNDA:2,(anonymous_0)
FNDA:2,(anonymous_1)
DA:3,1
DA:4,2
DA:11,1
DA:12,2
LF:4
LH:4
BRF:0
BRH:0
end_of_record
TN:
SF:src/components/GridTwoColumns/index.jsx
FN:7,(anonymous_0)
FNF:1
FNH:1
FNDA:1,(anonymous_0)
DA:7,1
DA:8,1
DA:25,1
LF:3
LH:3
BRDA:7,0,0,1
BRF:1
BRH:1
end_of_record
TN:
SF:src/components/GridTwoColumns/styles.js
FN:5,(anonymous_0)
FN:23,(anonymous_1)
FN:31,(anonymous_2)
FN:35,(anonymous_3)
FNF:4
FNH:4
FNDA:1,(anonymous_0)
FNDA:1,(anonymous_1)
FNDA:1,(anonymous_2)
FNDA:1,(anonymous_3)
DA:4,1
DA:5,1
DA:22,1
DA:23,1
DA:30,1
DA:31,1
DA:34,1
DA:35,1
LF:8
LH:8
BRF:0
BRH:0
end_of_record
TN:
SF:src/components/Heading/index.jsx
FN:4,(anonymous_0)
FNF:1
FNH:1
FNDA:21,(anonymous_0)
DA:4,6
DA:11,21
DA:23,6
LF:3
LH:3
BRDA:6,0,0,17
BRDA:7,1,0,20
BRDA:8,2,0,8
BRDA:9,3,0,9
BRF:4
BRH:4
end_of_record
TN:
SF:src/components/Heading/styles.js
FN:4,(anonymous_0)
FN:7,(anonymous_1)
FN:10,(anonymous_2)
FN:13,(anonymous_3)
FN:19,(anonymous_4)
FN:25,(anonymous_5)
FN:30,(anonymous_6)
FNF:7
FNH:7
FNDA:9,(anonymous_0)
FNDA:1,(anonymous_1)
FNDA:1,(anonymous_2)
FNDA:10,(anonymous_3)
FNDA:10,(anonymous_4)
FNDA:21,(anonymous_5)
FNDA:21,(anonymous_6)
DA:3,6
DA:4,9
DA:7,1
DA:10,1
DA:13,10
DA:19,10
DA:25,21
DA:29,6
DA:30,21
LF:9
LH:9
BRDA:26,0,0,12
BRDA:26,0,1,9
BRDA:31,1,0,20
BRDA:31,1,1,1
BRF:4
BRH:4
end_of_record
TN:
SF:src/components/LogoLink/index.jsx
FN:5,(anonymous_0)
FNF:1
FNH:1
FNDA:8,(anonymous_0)
DA:5,2
DA:6,8
DA:15,2
LF:3
LH:3
BRDA:5,0,0,6
BRDA:9,1,0,2
BRDA:9,1,1,6
BRF:3
BRH:3
end_of_record
TN:
SF:src/components/LogoLink/styles.js
FN:4,(anonymous_0)
FNF:1
FNH:1
FNDA:8,(anonymous_0)
DA:3,2
DA:4,8
LF:2
LH:2
BRF:0
BRH:0
end_of_record
TN:
SF:src/components/Menu/index.jsx
FN:10,(anonymous_0)
FN:17,(anonymous_1)
FN:26,(anonymous_2)
FNF:3
FNH:3
FNDA:5,(anonymous_0)
FNDA:1,(anonymous_1)
FNDA:1,(anonymous_2)
DA:10,1
DA:11,5
DA:13,5
DA:17,1
DA:26,1
DA:38,1
LF:6
LH:6
BRDA:10,0,0,1
BRDA:20,1,0,1
BRDA:20,1,1,4
BRF:3
BRH:3
end_of_record
TN:
SF:src/components/Menu/styles.js
FN:5,(anonymous_0)
FN:11,(anonymous_1)
FN:58,(anonymous_2)
FN:72,(anonymous_3)
FNF:4
FNH:4
FNDA:1,(anonymous_0)
FNDA:5,(anonymous_1)
FNDA:5,(anonymous_2)
FNDA:5,(anonymous_3)
DA:5,1
DA:10,1
DA:11,5
DA:57,1
DA:58,5
DA:71,1
DA:72,5
LF:7
LH:7
BRDA:37,0,0,5
BRDA:37,0,1,1
BRDA:83,1,0,1
BRDA:83,1,1,4
BRF:4
BRH:4
end_of_record
TN:
SF:src/components/MenuLink/index.jsx
FN:4,(anonymous_0)
FNF:1
FNH:1
FNDA:73,(anonymous_0)
DA:4,3
DA:5,73
DA:6,73
DA:13,3
LF:4
LH:4
BRDA:4,0,0,1
BRDA:5,1,0,1
BRDA:5,1,1,72
BRF:3
BRH:3
end_of_record
TN:
SF:src/components/MenuLink/styles.js
FN:4,(anonymous_0)
FNF:1
FNH:1
FNDA:73,(anonymous_0)
DA:3,3
DA:4,73
LF:2
LH:2
BRF:0
BRH:0
end_of_record
TN:
SF:src/components/NavLinks/index.jsx
FN:5,(anonymous_0)
FN:8,(anonymous_1)
FNF:2
FNH:2
FNDA:9,(anonymous_0)
FNDA:70,(anonymous_1)
DA:5,2
DA:6,9
DA:9,70
DA:15,2
LF:4
LH:4
BRDA:5,0,0,1
BRF:1
BRH:1
end_of_record
TN:
SF:src/components/NavLinks/styles.js
FN:4,(anonymous_0)
FNF:1
FNH:1
FNDA:9,(anonymous_0)
DA:3,2
DA:4,9
LF:2
LH:2
BRF:0
BRH:0
end_of_record
TN:
SF:src/components/SectionBackground/index.jsx
FN:5,(anonymous_0)
FNF:1
FNH:1
FNDA:5,(anonymous_0)
DA:5,3
DA:10,5
DA:17,3
LF:3
LH:3
BRDA:7,0,0,1
BRDA:8,1,0,5
BRF:2
BRH:2
end_of_record
TN:
SF:src/components/SectionBackground/styles.js
FN:3,(anonymous_0)
FN:9,(anonymous_1)
FNF:2
FNH:2
FNDA:1,(anonymous_0)
FNDA:5,(anonymous_1)
DA:3,3
DA:8,3
DA:9,5
LF:3
LH:3
BRDA:12,0,0,5
BRDA:12,0,1,1
BRF:2
BRH:2
end_of_record
TN:
SF:src/components/SectionContainer/index.jsx
FN:4,(anonymous_0)
FNF:1
FNH:1
FNDA:11,(anonymous_0)
DA:4,5
DA:5,11
DA:8,5
LF:3
LH:3
BRF:0
BRH:0
end_of_record
TN:
SF:src/components/SectionContainer/styles.js
FN:4,(anonymous_0)
FNF:1
FNH:1
FNDA:11,(anonymous_0)
DA:3,5
DA:4,11
LF:2
LH:2
BRF:0
BRH:0
end_of_record
TN:
SF:src/components/TextComponent/index.jsx
FN:4,(anonymous_0)
FNF:1
FNH:1
FNDA:5,(anonymous_0)
DA:4,3
DA:5,5
DA:8,3
LF:3
LH:3
BRF:0
BRH:0
end_of_record
TN:
SF:src/components/TextComponent/styles.js
FN:4,(anonymous_0)
FNF:1
FNH:1
FNDA:5,(anonymous_0)
DA:3,3
DA:4,5
LF:2
LH:2
BRF:0
BRH:0
end_of_record
TN:
SF:src/templates/App/index.jsx
FN:4,Home
FNF:1
FNH:1
FNDA:1,Home
DA:5,1
LF:1
LH:1
BRF:0
BRH:0
end_of_record
TN:
SF:src/templates/App/styles.js
FNF:0
FNH:0
DA:3,1
LF:1
LH:1
BRF:0
BRH:0
end_of_record
